<?xml version="1.0" encoding="UTF-8"?>
<testsuite name="TestSuite.DiskInfoTest" tests="1" skipped="0" failures="0" errors="0" timestamp="2016-04-22T00:20:32" hostname="148-100-176-102.FoxNet.marist.edu" time="0.006">
  <properties/>
  <testcase name="test" classname="TestSuite.DiskInfoTest" time="0.006"/>
  <system-out><![CDATA[Testing Disk Info
Memory Reading is started...
Disk data is read.
Disk Data is not null
Testing Disk Info Text File
Memory Reading is started...
Disk data is read.
Disk Info Text File is not Empty
]]></system-out>
  <system-err><![CDATA[]]></system-err>
</testsuite>
