<?xml version="1.0" encoding="UTF-8"?>
<testsuite name="TestSuite.ProcessInfoTest" tests="1" skipped="0" failures="0" errors="0" timestamp="2016-04-22T00:20:32" hostname="148-100-176-102.FoxNet.marist.edu" time="0.091">
  <properties/>
  <testcase name="test" classname="TestSuite.ProcessInfoTest" time="0.091"/>
  <system-out><![CDATA[Testing Process Info
Processes Reading is started...
Processes are read.
Process data is not null
Testing Process Info Text File
Processes Reading is started...
Processes are read.
Process Info Text File is not Empty
]]></system-out>
  <system-err><![CDATA[]]></system-err>
</testsuite>
